**********************
Windows PowerShell transcript start
Start time: 20191222200730

**********************
Transcript started, output file is D:\Temp\vhdx_22-Dec-2019T20-07-30.log
File is a 'vhdxfile' file
Creator: Microsoft Windows 10.0.19536.0


Signature              : vhdxfile
Creator                : Microsoft Windows 10.0.19536.0
Header 1 signature     : head
Header 1 Checksum      : 31082B35
Header 1 Sequence Nt   : 16
Header 1 FileWriteGUID : 7BACAB9C980AB047B17BB563F5200975
Header 1 DataWriteGuid : 0D577E8273CDF44C8524AF1BA80AC2F5
Header 1 LogGUID       : 00000000000000000000000000000000
Header 1 LogVersion    : 0
Header 1 Version       : 0
Header 2 signature     : head
Header 2 Checksum      : 31082B35
Header 2 Sequence Nt   : 16
Header 2 FileWriteGUID : 7BACAB9C980AB047B17BB563F5200975
Header 2 DataWriteGuid : 0D577E8273CDF44C8524AF1BA80AC2F5
Header 2 LogGUID       : 00000000000000000000000000000000
Header 2 LogVersion    : 0
Header 2 Version       : 0

Region Table 1 signature is 'regi'
Region 1 Checksum = AE8C6BC6
Region 1 EntryCount = 2
Region 1 Entry 2 = Metadata Region
Region 1 Entry 2 offset is 2097152 dec or 0x0000000000200000
Region 1 Entry 2 size is 1048576
Required to load the VHDX
metadata
Metadata entries: 5
__________________________
Entry 1 - File Parameters
Item Offset (dec) = 2162688
Item Length = 8
User Metadata
File Metadata
Required for vhdx
Block size = 33554432
--------> Dynamic/differencing size VHDX
__________________________
Entry 2 - Virtual Disk Size
Item Offset (dec) = 2162696
Item Length = 8
User Metadata
Virtual Disk Metadata
Required for vhdx
Virtual Disk Size = 1229Mb
__________________________
Entry 3 - Logical Sector Size
Item Offset (dec) = 2162704
Item Length = 4
User Metadata
Virtual Disk Metadata
Required for vhdx
Logical Sector Size = 512
__________________________
Entry 4 - Physical Sector Size
Item Offset (dec) = 2162708
Item Length = 4
User Metadata
Virtual Disk Metadata
Required for vhdx
Physical Sector Size = 512
__________________________
Entry 5 - Virtual Disk ID
Item Offset (dec) = 2162712
Item Length = 16
User Metadata
Virtual Disk Metadata
Required for vhdx
Virtual Disk ID = E280CA214639DE46B8F5C8C3E0649A24
Region 1 Entry 1 = Block Allocation Table
Region 1 Entry 1 offset is 3145728 dec or 0x0000000000300000
Region 1 Entry 1 size is 1048576
Required to load the VHDX
__________________________
Nr of chunks: 65536
Chunk Ratio: 1
Data blocks count = 39
Sector Bitmap Blocks = 312
Total BAT entries: 11856
Total BAT entries: 624
__________________________



Entry_Nr Payload_State               Offset
-------- -------------               ------
       0 PAYLOAD_BLOCK_FULLY_PRESENT 4 Mb
       1 PAYLOAD_BLOCK_ZERO          0 Mb
       2 PAYLOAD_BLOCK_ZERO          0 Mb
       3 PAYLOAD_BLOCK_FULLY_PRESENT 68 Mb
       4 PAYLOAD_BLOCK_ZERO          0 Mb
       5 PAYLOAD_BLOCK_ZERO          0 Mb
       6 PAYLOAD_BLOCK_FULLY_PRESENT 164 Mb
       7 PAYLOAD_BLOCK_ZERO          0 Mb
       8 PAYLOAD_BLOCK_ZERO          0 Mb
       9 PAYLOAD_BLOCK_ZERO          0 Mb
      10 PAYLOAD_BLOCK_ZERO          0 Mb
      11 PAYLOAD_BLOCK_ZERO          0 Mb
      12 PAYLOAD_BLOCK_ZERO          0 Mb
      13 PAYLOAD_BLOCK_FULLY_PRESENT 132 Mb
      14 PAYLOAD_BLOCK_FULLY_PRESENT 644 Mb
      15 PAYLOAD_BLOCK_FULLY_PRESENT 676 Mb
      16 PAYLOAD_BLOCK_FULLY_PRESENT 708 Mb
      17 PAYLOAD_BLOCK_FULLY_PRESENT 740 Mb
      18 PAYLOAD_BLOCK_FULLY_PRESENT 772 Mb
      19 PAYLOAD_BLOCK_FULLY_PRESENT 804 Mb
      20 PAYLOAD_BLOCK_FULLY_PRESENT 836 Mb
      21 PAYLOAD_BLOCK_FULLY_PRESENT 100 Mb
      22 PAYLOAD_BLOCK_FULLY_PRESENT 900 Mb
      23 PAYLOAD_BLOCK_FULLY_PRESENT 868 Mb
      24 PAYLOAD_BLOCK_FULLY_PRESENT 196 Mb
      25 PAYLOAD_BLOCK_FULLY_PRESENT 228 Mb
      26 PAYLOAD_BLOCK_FULLY_PRESENT 260 Mb
      27 PAYLOAD_BLOCK_FULLY_PRESENT 292 Mb
      28 PAYLOAD_BLOCK_FULLY_PRESENT 324 Mb
      29 PAYLOAD_BLOCK_FULLY_PRESENT 356 Mb
      30 PAYLOAD_BLOCK_FULLY_PRESENT 388 Mb
      31 PAYLOAD_BLOCK_FULLY_PRESENT 420 Mb
      32 PAYLOAD_BLOCK_FULLY_PRESENT 452 Mb
      33 PAYLOAD_BLOCK_FULLY_PRESENT 484 Mb
      34 PAYLOAD_BLOCK_FULLY_PRESENT 516 Mb
      35 PAYLOAD_BLOCK_FULLY_PRESENT 548 Mb
      36 PAYLOAD_BLOCK_FULLY_PRESENT 580 Mb
      37 PAYLOAD_BLOCK_FULLY_PRESENT 612 Mb
      38 PAYLOAD_BLOCK_FULLY_PRESENT 36 Mb


**** Saving Payload Data (#Entry: 0 - Offset:4 Mb - State: PAYLOAD_BLOCK_FULLY_PRESENT) from VHDX to: 'D:\Temp\vhdx_22-Dec-2019T20-07-30_data.img'
**** Appending Payload Data (#Entry: 1 - Offset:0 Mb - State: PAYLOAD_BLOCK_ZERO) from VHDX to: 'D:\Temp\vhdx_22-Dec-2019T20-07-30_data.img'
**** Appending Payload Data (#Entry: 2 - Offset:0 Mb - State: PAYLOAD_BLOCK_ZERO) from VHDX to: 'D:\Temp\vhdx_22-Dec-2019T20-07-30_data.img'
**** Appending Payload Data (#Entry: 3 - Offset:68 Mb - State: PAYLOAD_BLOCK_FULLY_PRESENT) from VHDX to: 'D:\Temp\vhdx_22-Dec-2019T20-07-30_data.img'
**** Appending Payload Data (#Entry: 4 - Offset:0 Mb - State: PAYLOAD_BLOCK_ZERO) from VHDX to: 'D:\Temp\vhdx_22-Dec-2019T20-07-30_data.img'
**** Appending Payload Data (#Entry: 5 - Offset:0 Mb - State: PAYLOAD_BLOCK_ZERO) from VHDX to: 'D:\Temp\vhdx_22-Dec-2019T20-07-30_data.img'
**** Appending Payload Data (#Entry: 6 - Offset:164 Mb - State: PAYLOAD_BLOCK_FULLY_PRESENT) from VHDX to: 'D:\Temp\vhdx_22-Dec-2019T20-07-30_data.img'
**** Appending Payload Data (#Entry: 7 - Offset:0 Mb - State: PAYLOAD_BLOCK_ZERO) from VHDX to: 'D:\Temp\vhdx_22-Dec-2019T20-07-30_data.img'
**** Appending Payload Data (#Entry: 8 - Offset:0 Mb - State: PAYLOAD_BLOCK_ZERO) from VHDX to: 'D:\Temp\vhdx_22-Dec-2019T20-07-30_data.img'
**** Appending Payload Data (#Entry: 9 - Offset:0 Mb - State: PAYLOAD_BLOCK_ZERO) from VHDX to: 'D:\Temp\vhdx_22-Dec-2019T20-07-30_data.img'
**** Appending Payload Data (#Entry: 10 - Offset:0 Mb - State: PAYLOAD_BLOCK_ZERO) from VHDX to: 'D:\Temp\vhdx_22-Dec-2019T20-07-30_data.img'
**** Appending Payload Data (#Entry: 11 - Offset:0 Mb - State: PAYLOAD_BLOCK_ZERO) from VHDX to: 'D:\Temp\vhdx_22-Dec-2019T20-07-30_data.img'
**** Appending Payload Data (#Entry: 12 - Offset:0 Mb - State: PAYLOAD_BLOCK_ZERO) from VHDX to: 'D:\Temp\vhdx_22-Dec-2019T20-07-30_data.img'
**** Appending Payload Data (#Entry: 13 - Offset:132 Mb - State: PAYLOAD_BLOCK_FULLY_PRESENT) from VHDX to: 'D:\Temp\vhdx_22-Dec-2019T20-07-30_data.img'
**** Appending Payload Data (#Entry: 14 - Offset:644 Mb - State: PAYLOAD_BLOCK_FULLY_PRESENT) from VHDX to: 'D:\Temp\vhdx_22-Dec-2019T20-07-30_data.img'
**** Appending Payload Data (#Entry: 15 - Offset:676 Mb - State: PAYLOAD_BLOCK_FULLY_PRESENT) from VHDX to: 'D:\Temp\vhdx_22-Dec-2019T20-07-30_data.img'
**** Appending Payload Data (#Entry: 16 - Offset:708 Mb - State: PAYLOAD_BLOCK_FULLY_PRESENT) from VHDX to: 'D:\Temp\vhdx_22-Dec-2019T20-07-30_data.img'
**** Appending Payload Data (#Entry: 17 - Offset:740 Mb - State: PAYLOAD_BLOCK_FULLY_PRESENT) from VHDX to: 'D:\Temp\vhdx_22-Dec-2019T20-07-30_data.img'
**** Appending Payload Data (#Entry: 18 - Offset:772 Mb - State: PAYLOAD_BLOCK_FULLY_PRESENT) from VHDX to: 'D:\Temp\vhdx_22-Dec-2019T20-07-30_data.img'
**** Appending Payload Data (#Entry: 19 - Offset:804 Mb - State: PAYLOAD_BLOCK_FULLY_PRESENT) from VHDX to: 'D:\Temp\vhdx_22-Dec-2019T20-07-30_data.img'
**** Appending Payload Data (#Entry: 20 - Offset:836 Mb - State: PAYLOAD_BLOCK_FULLY_PRESENT) from VHDX to: 'D:\Temp\vhdx_22-Dec-2019T20-07-30_data.img'
**** Appending Payload Data (#Entry: 21 - Offset:100 Mb - State: PAYLOAD_BLOCK_FULLY_PRESENT) from VHDX to: 'D:\Temp\vhdx_22-Dec-2019T20-07-30_data.img'
**** Appending Payload Data (#Entry: 22 - Offset:900 Mb - State: PAYLOAD_BLOCK_FULLY_PRESENT) from VHDX to: 'D:\Temp\vhdx_22-Dec-2019T20-07-30_data.img'
**** Appending Payload Data (#Entry: 23 - Offset:868 Mb - State: PAYLOAD_BLOCK_FULLY_PRESENT) from VHDX to: 'D:\Temp\vhdx_22-Dec-2019T20-07-30_data.img'
**** Appending Payload Data (#Entry: 24 - Offset:196 Mb - State: PAYLOAD_BLOCK_FULLY_PRESENT) from VHDX to: 'D:\Temp\vhdx_22-Dec-2019T20-07-30_data.img'
**** Appending Payload Data (#Entry: 25 - Offset:228 Mb - State: PAYLOAD_BLOCK_FULLY_PRESENT) from VHDX to: 'D:\Temp\vhdx_22-Dec-2019T20-07-30_data.img'
**** Appending Payload Data (#Entry: 26 - Offset:260 Mb - State: PAYLOAD_BLOCK_FULLY_PRESENT) from VHDX to: 'D:\Temp\vhdx_22-Dec-2019T20-07-30_data.img'
**** Appending Payload Data (#Entry: 27 - Offset:292 Mb - State: PAYLOAD_BLOCK_FULLY_PRESENT) from VHDX to: 'D:\Temp\vhdx_22-Dec-2019T20-07-30_data.img'
**** Appending Payload Data (#Entry: 28 - Offset:324 Mb - State: PAYLOAD_BLOCK_FULLY_PRESENT) from VHDX to: 'D:\Temp\vhdx_22-Dec-2019T20-07-30_data.img'
**** Appending Payload Data (#Entry: 29 - Offset:356 Mb - State: PAYLOAD_BLOCK_FULLY_PRESENT) from VHDX to: 'D:\Temp\vhdx_22-Dec-2019T20-07-30_data.img'
**** Appending Payload Data (#Entry: 30 - Offset:388 Mb - State: PAYLOAD_BLOCK_FULLY_PRESENT) from VHDX to: 'D:\Temp\vhdx_22-Dec-2019T20-07-30_data.img'
**** Appending Payload Data (#Entry: 31 - Offset:420 Mb - State: PAYLOAD_BLOCK_FULLY_PRESENT) from VHDX to: 'D:\Temp\vhdx_22-Dec-2019T20-07-30_data.img'
**** Appending Payload Data (#Entry: 32 - Offset:452 Mb - State: PAYLOAD_BLOCK_FULLY_PRESENT) from VHDX to: 'D:\Temp\vhdx_22-Dec-2019T20-07-30_data.img'
**** Appending Payload Data (#Entry: 33 - Offset:484 Mb - State: PAYLOAD_BLOCK_FULLY_PRESENT) from VHDX to: 'D:\Temp\vhdx_22-Dec-2019T20-07-30_data.img'
**** Appending Payload Data (#Entry: 34 - Offset:516 Mb - State: PAYLOAD_BLOCK_FULLY_PRESENT) from VHDX to: 'D:\Temp\vhdx_22-Dec-2019T20-07-30_data.img'
**** Appending Payload Data (#Entry: 35 - Offset:548 Mb - State: PAYLOAD_BLOCK_FULLY_PRESENT) from VHDX to: 'D:\Temp\vhdx_22-Dec-2019T20-07-30_data.img'
**** Appending Payload Data (#Entry: 36 - Offset:580 Mb - State: PAYLOAD_BLOCK_FULLY_PRESENT) from VHDX to: 'D:\Temp\vhdx_22-Dec-2019T20-07-30_data.img'
**** Appending Payload Data (#Entry: 37 - Offset:612 Mb - State: PAYLOAD_BLOCK_FULLY_PRESENT) from VHDX to: 'D:\Temp\vhdx_22-Dec-2019T20-07-30_data.img'
**** Appending Payload Data (#Entry: 38 - Offset:36 Mb - State: PAYLOAD_BLOCK_FULLY_PRESENT) from VHDX to: 'D:\Temp\vhdx_22-Dec-2019T20-07-30_data.img'
Region Table 2 signature is 'regi'
Region 2 Checksum = AE8C6BC6
Region 2 EntryCount = 2
Region 2 Entry 1 = Block Allocation Table
Region 2 Entry 1 offset is 3145728 dec or 0x0000000000300000
Region 2 Entry 1 size is 4096
Required to load the VHDX
Region 2 Entry 2 = Metadata Region
Region 2 Entry 2 offset is 2097152 dec or 0x0000000000200000
Region 2 Entry 2 size is 4096
Required to load the VHDX
metadata
Metadata entries: 5
__________________________
Entry 1 - File Parameters
Item Offset (dec) = 2162688
Item Length = 8
User Metadata
File Metadata
Required for vhdx
Block size = 33554432
--------> Dynamic/differencing size VHDX
__________________________
Entry 2 - Virtual Disk Size
Item Offset (dec) = 2162696
Item Length = 8
User Metadata
Virtual Disk Metadata
Required for vhdx
Virtual Disk Size = 1229Mb
__________________________
Entry 3 - Logical Sector Size
Item Offset (dec) = 2162704
Item Length = 4
User Metadata
Virtual Disk Metadata
Required for vhdx
Logical Sector Size = 512
__________________________
Entry 4 - Physical Sector Size
Item Offset (dec) = 2162708
Item Length = 4
User Metadata
Virtual Disk Metadata
Required for vhdx
Physical Sector Size = 512
__________________________
Entry 5 - Virtual Disk ID
Item Offset (dec) = 2162712
Item Length = 16
User Metadata
Virtual Disk Metadata
Required for vhdx
Virtual Disk ID = E280CA214639DE46B8F5C8C3E0649A24
__________________________
**********************
Windows PowerShell transcript end
End time: 20191222200802
**********************
